c:\src\c++\__pacman__\__pacman__\x64\release\vc143.pdb
c:\src\c++\__pacman__\__pacman__\x64\release\main.obj
c:\src\c++\__pacman__\__pacman__\x64\release\pacman.obj
c:\src\c++\__pacman__\__pacman__\x64\release\ghostmanager.obj
c:\src\c++\__pacman__\__pacman__\x64\release\ghost.obj
c:\src\c++\__pacman__\__pacman__\x64\release\game.obj
c:\src\c++\__pacman__\__pacman__\x64\release\map.obj
c:\src\c++\__pacman__\__pacman__\x64\release\pacman.ipdb
c:\src\c++\__pacman__\__pacman__\x64\release\pacman.iobj
c:\src\c++\__pacman__\__pacman__\x64\release\pacman.exe
c:\src\c++\__pacman__\__pacman__\x64\release\pacman.pdb
c:\src\c++\__pacman__\__pacman__\x64\release\sfml-audio-2.dll
c:\src\c++\__pacman__\__pacman__\x64\release\sfml-system-2.dll
c:\src\c++\__pacman__\__pacman__\x64\release\openal32.dll
c:\src\c++\__pacman__\__pacman__\x64\release\vorbisenc.dll
c:\src\c++\__pacman__\__pacman__\x64\release\vorbis.dll
c:\src\c++\__pacman__\__pacman__\x64\release\ogg.dll
c:\src\c++\__pacman__\__pacman__\x64\release\vorbisfile.dll
c:\src\c++\__pacman__\__pacman__\x64\release\flac.dll
c:\src\c++\__pacman__\__pacman__\x64\release\sfml-graphics-2.dll
c:\src\c++\__pacman__\__pacman__\x64\release\sfml-window-2.dll
c:\src\c++\__pacman__\__pacman__\x64\release\freetype.dll
c:\src\c++\__pacman__\__pacman__\x64\release\zlib1.dll
c:\src\c++\__pacman__\__pacman__\x64\release\bz2.dll
c:\src\c++\__pacman__\__pacman__\x64\release\libpng16.dll
c:\src\c++\__pacman__\__pacman__\x64\release\brotlidec.dll
c:\src\c++\__pacman__\__pacman__\x64\release\brotlicommon.dll
c:\src\c++\__pacman__\__pacman__\x64\release\pacman.tlog\cl.command.1.tlog
c:\src\c++\__pacman__\__pacman__\x64\release\pacman.tlog\cl.items.tlog
c:\src\c++\__pacman__\__pacman__\x64\release\pacman.tlog\cl.read.1.tlog
c:\src\c++\__pacman__\__pacman__\x64\release\pacman.tlog\cl.write.1.tlog
c:\src\c++\__pacman__\__pacman__\x64\release\pacman.tlog\link.command.1.tlog
c:\src\c++\__pacman__\__pacman__\x64\release\pacman.tlog\link.read.1.tlog
c:\src\c++\__pacman__\__pacman__\x64\release\pacman.tlog\link.write.1.tlog
c:\src\c++\__pacman__\__pacman__\x64\release\pacman.tlog\link.write.2u.tlog
c:\src\c++\__pacman__\__pacman__\x64\release\pacman.tlog\pacman.write.1u.tlog
