c:\src\c++\__pacman__\__pacman__\x64\debug\vc143.pdb
c:\src\c++\__pacman__\__pacman__\x64\debug\vc143.idb
c:\src\c++\__pacman__\__pacman__\x64\debug\main.obj
c:\src\c++\__pacman__\__pacman__\x64\debug\pacman.obj
c:\src\c++\__pacman__\__pacman__\x64\debug\map.obj
c:\src\c++\__pacman__\__pacman__\x64\debug\ghostmanager.obj
c:\src\c++\__pacman__\__pacman__\x64\debug\ghost.obj
c:\src\c++\__pacman__\__pacman__\x64\debug\game.obj
c:\src\c++\__pacman__\__pacman__\x64\debug\pacman.exe
c:\src\c++\__pacman__\__pacman__\x64\debug\pacman.ilk
c:\src\c++\__pacman__\__pacman__\x64\debug\pacman.pdb
c:\src\c++\__pacman__\__pacman__\x64\debug\sfml-audio-d-2.dll
c:\src\c++\__pacman__\__pacman__\x64\debug\sfml-system-d-2.dll
c:\src\c++\__pacman__\__pacman__\x64\debug\openal32.dll
c:\src\c++\__pacman__\__pacman__\x64\debug\vorbisenc.dll
c:\src\c++\__pacman__\__pacman__\x64\debug\vorbis.dll
c:\src\c++\__pacman__\__pacman__\x64\debug\ogg.dll
c:\src\c++\__pacman__\__pacman__\x64\debug\vorbisfile.dll
c:\src\c++\__pacman__\__pacman__\x64\debug\flac.dll
c:\src\c++\__pacman__\__pacman__\x64\debug\sfml-graphics-d-2.dll
c:\src\c++\__pacman__\__pacman__\x64\debug\sfml-window-d-2.dll
c:\src\c++\__pacman__\__pacman__\x64\debug\freetyped.dll
c:\src\c++\__pacman__\__pacman__\x64\debug\zlibd1.dll
c:\src\c++\__pacman__\__pacman__\x64\debug\bz2d.dll
c:\src\c++\__pacman__\__pacman__\x64\debug\libpng16d.dll
c:\src\c++\__pacman__\__pacman__\x64\debug\brotlidec.dll
c:\src\c++\__pacman__\__pacman__\x64\debug\brotlicommon.dll
c:\src\c++\__pacman__\__pacman__\x64\debug\pacman.tlog\cl.command.1.tlog
c:\src\c++\__pacman__\__pacman__\x64\debug\pacman.tlog\cl.items.tlog
c:\src\c++\__pacman__\__pacman__\x64\debug\pacman.tlog\cl.read.1.tlog
c:\src\c++\__pacman__\__pacman__\x64\debug\pacman.tlog\cl.write.1.tlog
c:\src\c++\__pacman__\__pacman__\x64\debug\pacman.tlog\link.command.1.tlog
c:\src\c++\__pacman__\__pacman__\x64\debug\pacman.tlog\link.read.1.tlog
c:\src\c++\__pacman__\__pacman__\x64\debug\pacman.tlog\link.write.1.tlog
c:\src\c++\__pacman__\__pacman__\x64\debug\pacman.tlog\pacman.write.1u.tlog
