  Game.cpp
C:\src\c++\__Pacman__\__Pacman__\src\Game.cpp(260,28): warning C4244: 'argument': conversion from 'int' to 'float', possible loss of data
C:\src\c++\__Pacman__\__Pacman__\src\Game.cpp(284,31): warning C4244: 'argument': conversion from 'int' to 'float', possible loss of data
C:\src\c++\__Pacman__\__Pacman__\src\Game.cpp(283,30): warning C4244: 'argument': conversion from 'size_t' to 'float', possible loss of data
C:\src\c++\__Pacman__\__Pacman__\src\Game.cpp(294,30): warning C4244: 'argument': conversion from 'unsigned int' to 'float', possible loss of data
C:\src\c++\__Pacman__\__Pacman__\src\Game.cpp(293,29): warning C4244: 'argument': conversion from 'size_t' to 'float', possible loss of data
  Pacman.cpp
  main.cpp
  Generating Code...
libcpmtd.lib(xlocale.obj) : error LNK2001: unresolved external symbol _calloc_dbg
Game.obj : error LNK2001: unresolved external symbol _calloc_dbg
libcpmtd.lib(_tolower.obj) : error LNK2001: unresolved external symbol _calloc_dbg
libcpmtd.lib(locale.obj) : error LNK2001: unresolved external symbol _calloc_dbg
libcpmtd.lib(wlocale.obj) : error LNK2001: unresolved external symbol _calloc_dbg
libcpmtd.lib(wlocale.obj) : error LNK2001: unresolved external symbol _free_dbg
libcpmtd.lib(xlocale.obj) : error LNK2001: unresolved external symbol _free_dbg
libcpmtd.lib(xwcsxfrm.obj) : error LNK2001: unresolved external symbol _free_dbg
libcpmtd.lib(StlCompareStringA.obj) : error LNK2001: unresolved external symbol _free_dbg
Game.obj : error LNK2001: unresolved external symbol _free_dbg
libcpmtd.lib(locale0.obj) : error LNK2001: unresolved external symbol _free_dbg
libcpmtd.lib(locale.obj) : error LNK2001: unresolved external symbol _free_dbg
libcpmtd.lib(StlLCMapStringA.obj) : error LNK2001: unresolved external symbol _free_dbg
libcpmtd.lib(wlocale.obj) : error LNK2001: unresolved external symbol _malloc_dbg
libcpmtd.lib(xlocale.obj) : error LNK2001: unresolved external symbol _malloc_dbg
libcpmtd.lib(xwcsxfrm.obj) : error LNK2001: unresolved external symbol _malloc_dbg
libcpmtd.lib(StlCompareStringA.obj) : error LNK2001: unresolved external symbol _malloc_dbg
Game.obj : error LNK2001: unresolved external symbol _malloc_dbg
libcpmtd.lib(locale0.obj) : error LNK2001: unresolved external symbol _malloc_dbg
libcpmtd.lib(locale.obj) : error LNK2001: unresolved external symbol _malloc_dbg
libcpmtd.lib(StlLCMapStringA.obj) : error LNK2001: unresolved external symbol _malloc_dbg
libcpmtd.lib(xlocale.obj) : error LNK2001: unresolved external symbol _CrtDbgReport
Map.obj : error LNK2001: unresolved external symbol _CrtDbgReport
Pacman.obj : error LNK2001: unresolved external symbol _CrtDbgReport
libcpmtd.lib(locale.obj) : error LNK2001: unresolved external symbol _CrtDbgReport
libcpmtd.lib(wlocale.obj) : error LNK2001: unresolved external symbol _CrtDbgReport
Game.obj : error LNK2001: unresolved external symbol _CrtDbgReport
Ghost.obj : error LNK2001: unresolved external symbol _CrtDbgReport
GhostManager.obj : error LNK2001: unresolved external symbol _CrtDbgReport
main.obj : error LNK2001: unresolved external symbol _CrtDbgReport
libcpmtd.lib(_tolower.obj) : error LNK2019: unresolved external symbol _wcsdup_dbg referenced in function _Getctype
libcpmtd.lib(xstrcoll.obj) : error LNK2001: unresolved external symbol _wcsdup_dbg
libcpmtd.lib(locale.obj) : error LNK2019: unresolved external symbol _realloc_dbg referenced in function "private: static void __cdecl std::locale::_Locimp::_Locimp_Addfac(class std::locale::_Locimp *,class std::locale::facet *,unsigned __int64)" (?_Locimp_Addfac@_Locimp@locale@std@@CAXPEAV123@PEAVfacet@23@_K@Z)
libcpmtd.lib(StlLCMapStringA.obj) : error LNK2019: unresolved external symbol _CrtDbgReportW referenced in function _freea_crt
libcpmtd.lib(xmbtowc.obj) : error LNK2001: unresolved external symbol _CrtDbgReportW
libcpmtd.lib(StlCompareStringA.obj) : error LNK2001: unresolved external symbol _CrtDbgReportW
C:\src\c++\__Pacman__\__Pacman__\x64\Debug\pacman.exe : fatal error LNK1120: 7 unresolved externals
